<?xml version="1.0" encoding="UTF-8"?>
<!-- Generated by org.testng.reporters.JUnitXMLReporter -->
<testsuite ignored="10" hostname="DESKTOP-VV0NNBG" failures="1" tests="12" name="Test" time="824.098" errors="0" timestamp="2024-07-06T11:10:38 IST">
  <testcase classname="genericUtility.FMS_BaseClass" name="@AfterMethod amConfig" time="5.068">
    <failure type="org.openqa.selenium.ElementClickInterceptedException" message="element click intercepted: Element &amp;lt;span _ngcontent-bcu-c31=&amp;quot;&amp;quot; class=&amp;quot;user-name&amp;quot;&amp;gt;...&amp;lt;/span&amp;gt; is not clickable at point (1463, 21). Other element would receive the click: &amp;lt;div _ngcontent-bcu-c47=&amp;quot;&amp;quot; id=&amp;quot;editproduct&amp;quot; data-bs-backdrop=&amp;quot;static&amp;quot; data-bs-keyboard=&amp;quot;false&amp;quot; tabindex=&amp;quot;-1&amp;quot; aria-labelledby=&amp;quot;staticBackdropLabel&amp;quot; class=&amp;quot;modal fade show&amp;quot; aria-modal=&amp;quot;true&amp;quot; role=&amp;quot;dialog&amp;quot; style=&amp;quot;display: block;&amp;quot;&amp;gt;...&amp;lt;/div&amp;gt;
  (Session info: chrome=126.0.6478.127)
Build info: version: &amp;apos;4.14.1&amp;apos;, revision: &amp;apos;03f8ede370&amp;apos;
System info: os.name: &amp;apos;Windows 11&amp;apos;, os.arch: &amp;apos;amd64&amp;apos;, os.version: &amp;apos;10.0&amp;apos;, java.version: &amp;apos;17.0.11&amp;apos;
Driver info: org.openqa.selenium.chrome.ChromeDriver
Command: [cd4b5a9211835638a42c9ed48f0c53d9, clickElement {id=f.2316700E16FCC2DBC0212271EB32F93C.d.017C2539B1080B47C867E13F6EC03C24.e.928}]
Capabilities {acceptInsecureCerts: false, browserName: chrome, browserVersion: 126.0.6478.127, chrome: {chromedriverVersion: 126.0.6478.126 (d36ace6122e..., userDataDir: C:\Users\Admin\AppData\Loca...}, fedcm:accounts: true, goog:chromeOptions: {debuggerAddress: localhost:64343}, networkConnectionEnabled: false, pageLoadStrategy: normal, platformName: windows, proxy: Proxy(), se:cdp: ws://localhost:64343/devtoo..., se:cdpVersion: 126.0.6478.127, setWindowRect: true, strictFileInteractability: false, timeouts: {implicit: 0, pageLoad: 300000, script: 30000}, unhandledPromptBehavior: dismiss and notify, webauthn:extension:credBlob: true, webauthn:extension:largeBlob: true, webauthn:extension:minPinLength: true, webauthn:extension:prf: true, webauthn:virtualAuthenticators: true}
Element: [[ChromeDriver: chrome on windows (cd4b5a9211835638a42c9ed48f0c53d9)] -&amp;gt; xpath: //span[@class=&amp;apos;user-name&amp;apos;]]
Session ID: cd4b5a9211835638a42c9ed48f0c53d9">
      <![CDATA[org.openqa.selenium.ElementClickInterceptedException: element click intercepted: Element <span _ngcontent-bcu-c31="" class="user-name">...</span> is not clickable at point (1463, 21). Other element would receive the click: <div _ngcontent-bcu-c47="" id="editproduct" data-bs-backdrop="static" data-bs-keyboard="false" tabindex="-1" aria-labelledby="staticBackdropLabel" class="modal fade show" aria-modal="true" role="dialog" style="display: block;">...</div>
  (Session info: chrome=126.0.6478.127)
Build info: version: '4.14.1', revision: '03f8ede370'
System info: os.name: 'Windows 11', os.arch: 'amd64', os.version: '10.0', java.version: '17.0.11'
Driver info: org.openqa.selenium.chrome.ChromeDriver
Command: [cd4b5a9211835638a42c9ed48f0c53d9, clickElement {id=f.2316700E16FCC2DBC0212271EB32F93C.d.017C2539B1080B47C867E13F6EC03C24.e.928}]
Capabilities {acceptInsecureCerts: false, browserName: chrome, browserVersion: 126.0.6478.127, chrome: {chromedriverVersion: 126.0.6478.126 (d36ace6122e..., userDataDir: C:\Users\Admin\AppData\Loca...}, fedcm:accounts: true, goog:chromeOptions: {debuggerAddress: localhost:64343}, networkConnectionEnabled: false, pageLoadStrategy: normal, platformName: windows, proxy: Proxy(), se:cdp: ws://localhost:64343/devtoo..., se:cdpVersion: 126.0.6478.127, setWindowRect: true, strictFileInteractability: false, timeouts: {implicit: 0, pageLoad: 300000, script: 30000}, unhandledPromptBehavior: dismiss and notify, webauthn:extension:credBlob: true, webauthn:extension:largeBlob: true, webauthn:extension:minPinLength: true, webauthn:extension:prf: true, webauthn:virtualAuthenticators: true}
Element: [[ChromeDriver: chrome on windows (cd4b5a9211835638a42c9ed48f0c53d9)] -> xpath: //span[@class='user-name']]
Session ID: cd4b5a9211835638a42c9ed48f0c53d9
at org.openqa.selenium.remote.codec.w3c.W3CHttpResponseCodec.createException(W3CHttpResponseCodec.java:200)
at org.openqa.selenium.remote.codec.w3c.W3CHttpResponseCodec.decode(W3CHttpResponseCodec.java:133)
at org.openqa.selenium.remote.codec.w3c.W3CHttpResponseCodec.decode(W3CHttpResponseCodec.java:52)
at org.openqa.selenium.remote.HttpCommandExecutor.execute(HttpCommandExecutor.java:191)
at org.openqa.selenium.remote.service.DriverCommandExecutor.invokeExecute(DriverCommandExecutor.java:200)
at org.openqa.selenium.remote.service.DriverCommandExecutor.execute(DriverCommandExecutor.java:175)
at org.openqa.selenium.remote.RemoteWebDriver.execute(RemoteWebDriver.java:602)
at org.openqa.selenium.remote.RemoteWebElement.execute(RemoteWebElement.java:224)
at org.openqa.selenium.remote.RemoteWebElement.click(RemoteWebElement.java:77)
at org.openqa.selenium.support.pagefactory.internal.LocatingElementHandler.invoke(LocatingElementHandler.java:51)
at jdk.proxy2/jdk.proxy2.$Proxy20.click(Unknown Source)
at genericUtility.FMS_BaseClass.amConfig(FMS_BaseClass.java:111)
at java.base/java.util.ArrayList.forEach(ArrayList.java:1511)
at java.base/java.util.concurrent.FutureTask.run(FutureTask.java:264)
at java.base/java.util.concurrent.ThreadPoolExecutor.runWorker(ThreadPoolExecutor.java:1136)
at java.base/java.util.concurrent.ThreadPoolExecutor$Worker.run(ThreadPoolExecutor.java:635)
at java.base/java.lang.Thread.run(Thread.java:840)
... Removed 30 stack frames]]>
    </failure>
  </testcase> <!-- @AfterMethod amConfig -->
  <testcase classname="genericUtility.FMS_BaseClass" name="@AfterClass acConfig" time="0.0">
    <skipped/>
  </testcase> <!-- @AfterClass acConfig -->
  <testcase classname="genericUtility.FMS_BaseClass" name="@AfterMethod amConfig" time="5.168">
    <failure type="org.openqa.selenium.ElementClickInterceptedException" message="element click intercepted: Element &amp;lt;span _ngcontent-ohf-c31=&amp;quot;&amp;quot; class=&amp;quot;user-name&amp;quot;&amp;gt;...&amp;lt;/span&amp;gt; is not clickable at point (1463, 21). Other element would receive the click: &amp;lt;div class=&amp;quot;ng-tns-c29-3 ng-star-inserted ng-trigger ng-trigger-flyInOut ngx-toastr toast-success ng-animating&amp;quot; toast-component=&amp;quot;&amp;quot; style=&amp;quot;&amp;quot;&amp;gt;...&amp;lt;/div&amp;gt;
  (Session info: chrome=126.0.6478.127)
Build info: version: &amp;apos;4.14.1&amp;apos;, revision: &amp;apos;03f8ede370&amp;apos;
System info: os.name: &amp;apos;Windows 11&amp;apos;, os.arch: &amp;apos;amd64&amp;apos;, os.version: &amp;apos;10.0&amp;apos;, java.version: &amp;apos;17.0.11&amp;apos;
Driver info: org.openqa.selenium.chrome.ChromeDriver
Command: [03eab34c38be7e52101eee39e27f8d2d, clickElement {id=f.51D74AA5C4481DC2EB6985DCC836015D.d.05E09ED48D4AE96CDB4C196677D7F875.e.1368}]
Capabilities {acceptInsecureCerts: false, browserName: chrome, browserVersion: 126.0.6478.127, chrome: {chromedriverVersion: 126.0.6478.126 (d36ace6122e..., userDataDir: C:\Users\Admin\AppData\Loca...}, fedcm:accounts: true, goog:chromeOptions: {debuggerAddress: localhost:64090}, networkConnectionEnabled: false, pageLoadStrategy: normal, platformName: windows, proxy: Proxy(), se:cdp: ws://localhost:64090/devtoo..., se:cdpVersion: 126.0.6478.127, setWindowRect: true, strictFileInteractability: false, timeouts: {implicit: 0, pageLoad: 300000, script: 30000}, unhandledPromptBehavior: dismiss and notify, webauthn:extension:credBlob: true, webauthn:extension:largeBlob: true, webauthn:extension:minPinLength: true, webauthn:extension:prf: true, webauthn:virtualAuthenticators: true}
Element: [[ChromeDriver: chrome on windows (03eab34c38be7e52101eee39e27f8d2d)] -&amp;gt; xpath: //span[@class=&amp;apos;user-name&amp;apos;]]
Session ID: 03eab34c38be7e52101eee39e27f8d2d">
      <![CDATA[org.openqa.selenium.ElementClickInterceptedException: element click intercepted: Element <span _ngcontent-ohf-c31="" class="user-name">...</span> is not clickable at point (1463, 21). Other element would receive the click: <div class="ng-tns-c29-3 ng-star-inserted ng-trigger ng-trigger-flyInOut ngx-toastr toast-success ng-animating" toast-component="" style="">...</div>
  (Session info: chrome=126.0.6478.127)
Build info: version: '4.14.1', revision: '03f8ede370'
System info: os.name: 'Windows 11', os.arch: 'amd64', os.version: '10.0', java.version: '17.0.11'
Driver info: org.openqa.selenium.chrome.ChromeDriver
Command: [03eab34c38be7e52101eee39e27f8d2d, clickElement {id=f.51D74AA5C4481DC2EB6985DCC836015D.d.05E09ED48D4AE96CDB4C196677D7F875.e.1368}]
Capabilities {acceptInsecureCerts: false, browserName: chrome, browserVersion: 126.0.6478.127, chrome: {chromedriverVersion: 126.0.6478.126 (d36ace6122e..., userDataDir: C:\Users\Admin\AppData\Loca...}, fedcm:accounts: true, goog:chromeOptions: {debuggerAddress: localhost:64090}, networkConnectionEnabled: false, pageLoadStrategy: normal, platformName: windows, proxy: Proxy(), se:cdp: ws://localhost:64090/devtoo..., se:cdpVersion: 126.0.6478.127, setWindowRect: true, strictFileInteractability: false, timeouts: {implicit: 0, pageLoad: 300000, script: 30000}, unhandledPromptBehavior: dismiss and notify, webauthn:extension:credBlob: true, webauthn:extension:largeBlob: true, webauthn:extension:minPinLength: true, webauthn:extension:prf: true, webauthn:virtualAuthenticators: true}
Element: [[ChromeDriver: chrome on windows (03eab34c38be7e52101eee39e27f8d2d)] -> xpath: //span[@class='user-name']]
Session ID: 03eab34c38be7e52101eee39e27f8d2d
at org.openqa.selenium.remote.codec.w3c.W3CHttpResponseCodec.createException(W3CHttpResponseCodec.java:200)
at org.openqa.selenium.remote.codec.w3c.W3CHttpResponseCodec.decode(W3CHttpResponseCodec.java:133)
at org.openqa.selenium.remote.codec.w3c.W3CHttpResponseCodec.decode(W3CHttpResponseCodec.java:52)
at org.openqa.selenium.remote.HttpCommandExecutor.execute(HttpCommandExecutor.java:191)
at org.openqa.selenium.remote.service.DriverCommandExecutor.invokeExecute(DriverCommandExecutor.java:200)
at org.openqa.selenium.remote.service.DriverCommandExecutor.execute(DriverCommandExecutor.java:175)
at org.openqa.selenium.remote.RemoteWebDriver.execute(RemoteWebDriver.java:602)
at org.openqa.selenium.remote.RemoteWebElement.execute(RemoteWebElement.java:224)
at org.openqa.selenium.remote.RemoteWebElement.click(RemoteWebElement.java:77)
at org.openqa.selenium.support.pagefactory.internal.LocatingElementHandler.invoke(LocatingElementHandler.java:51)
at jdk.proxy2/jdk.proxy2.$Proxy20.click(Unknown Source)
at genericUtility.FMS_BaseClass.amConfig(FMS_BaseClass.java:111)
at java.base/java.util.ArrayList.forEach(ArrayList.java:1511)
at java.base/java.util.concurrent.FutureTask.run(FutureTask.java:264)
at java.base/java.util.concurrent.ThreadPoolExecutor.runWorker(ThreadPoolExecutor.java:1136)
at java.base/java.util.concurrent.ThreadPoolExecutor$Worker.run(ThreadPoolExecutor.java:635)
at java.base/java.lang.Thread.run(Thread.java:840)
... Removed 30 stack frames]]>
    </failure>
  </testcase> <!-- @AfterMethod amConfig -->
  <testcase classname="genericUtility.FMS_BaseClass" name="@BeforeMethod bmConfig" time="0.0">
    <skipped/>
  </testcase> <!-- @BeforeMethod bmConfig -->
  <testcase classname="genericUtility.FMS_BaseClass" name="@AfterMethod amConfig" time="0.0">
    <skipped/>
  </testcase> <!-- @AfterMethod amConfig -->
  <testcase classname="genericUtility.FMS_BaseClass" name="@AfterClass acConfig" time="0.0">
    <skipped/>
  </testcase> <!-- @AfterClass acConfig -->
  <testcase classname="sprint_3_Positive.A_ECommerce_Category_All_Actions" name="a4_deletingParticularCategoryTest" time="30.25"/>
  <testcase classname="sprint_3_Positive.A_ECommerce_Category_All_Actions" name="a1_addingCaterogeyTest" time="35.696"/>
  <testcase classname="sprint_3_Positive.B_ECommerce_Sub_Category_All_Actions" name="a1_searching1CategoryTest" time="6.404"/>
  <testcase classname="sprint_3_Positive.F_ECom_Transactions_All_Actions" name="a_ECommerceTransactionsTest" time="9.271"/>
  <testcase classname="sprint_3_Positive.D_ECommerce_Brands_All_Actions" name="a_addingBrandTest" time="48.128"/>
  <testcase classname="sprint_3_Positive.E_ECommerce_Orders_All_Actions" name="eCommerceOrders" time="40.009"/>
  <testcase classname="sprint_3_Positive.C_ECommerce_Product_All_Actions" name="eCommerceProductInfoTest" time="176.348">
    <failure type="org.openqa.selenium.NoSuchElementException" message="Cannot locate option with index: 1
For documentation on this error, please visit: https://www.selenium.dev/documentation/webdriver/troubleshooting/errors#no-such-element-exception
Build info: version: &amp;apos;4.14.1&amp;apos;, revision: &amp;apos;03f8ede370&amp;apos;
System info: os.name: &amp;apos;Windows 11&amp;apos;, os.arch: &amp;apos;amd64&amp;apos;, os.version: &amp;apos;10.0&amp;apos;, java.version: &amp;apos;17.0.11&amp;apos;
Driver info: driver.version: unknown">
      <![CDATA[org.openqa.selenium.NoSuchElementException: Cannot locate option with index: 1
For documentation on this error, please visit: https://www.selenium.dev/documentation/webdriver/troubleshooting/errors#no-such-element-exception
Build info: version: '4.14.1', revision: '03f8ede370'
System info: os.name: 'Windows 11', os.arch: 'amd64', os.version: '10.0', java.version: '17.0.11'
Driver info: driver.version: unknown
at org.openqa.selenium.support.ui.Select.setSelectedByIndex(Select.java:303)
at org.openqa.selenium.support.ui.Select.selectByIndex(Select.java:179)
at genericUtility.WebDriverUtility.handleDropdownByIndex(WebDriverUtility.java:97)
at objectRepository.Ecommerce_UpdateProductDetailsPage.editProductDetails(Ecommerce_UpdateProductDetailsPage.java:146)
at sprint_3_Positive.C_ECommerce_Product_All_Actions.eCommerceProductInfoTest(C_ECommerce_Product_All_Actions.java:120)
at java.base/java.util.ArrayList.forEach(ArrayList.java:1511)
at java.base/java.util.concurrent.FutureTask.run(FutureTask.java:264)
at java.base/java.util.concurrent.ThreadPoolExecutor.runWorker(ThreadPoolExecutor.java:1136)
at java.base/java.util.concurrent.ThreadPoolExecutor$Worker.run(ThreadPoolExecutor.java:635)
at java.base/java.lang.Thread.run(Thread.java:840)
... Removed 17 stack frames]]>
    </failure>
  </testcase> <!-- eCommerceProductInfoTest -->
  <testcase classname="sprint_3_Positive.B_ECommerce_Sub_Category_All_Actions" name="a2_adding1SubCategoryTest" time="24.9"/>
  <testcase classname="sprint_3_Positive.A_ECommerce_Category_All_Actions" name="a2_editingCategoryTest" time="35.098"/>
  <testcase classname="sprint_3_Positive.A_ECommerce_Category_All_Actions" name="a3_categoryBootStrapButtonTurningOnOrOffTest" time="29.06"/>
  <testcase classname="sprint_3_Positive.B_ECommerce_Sub_Category_All_Actions" name="a3_editing1SubCategoryTest" time="42.734"/>
  <testcase classname="sprint_3_Positive.B_ECommerce_Sub_Category_All_Actions" name="a4_clickOnParticularBootStrapButtonToEnablingOrDisablingCategoryTest" time="0.0">
    <skipped/>
  </testcase> <!-- a4_clickOnParticularBootStrapButtonToEnablingOrDisablingCategoryTest -->
  <testcase classname="genericUtility.FMS_BaseClass" name="@AfterSuite asConfig" time="0.0">
    <ignored/>
  </testcase> <!-- @AfterSuite asConfig -->
  <testcase classname="genericUtility.FMS_BaseClass" name="@BeforeSuite bsConfig" time="0.0">
    <ignored/>
  </testcase> <!-- @BeforeSuite bsConfig -->
  <testcase classname="genericUtility.FMS_BaseClass" name="@AfterSuite asConfig" time="0.0">
    <ignored/>
  </testcase> <!-- @AfterSuite asConfig -->
  <testcase classname="genericUtility.FMS_BaseClass" name="@BeforeSuite bsConfig" time="0.0">
    <ignored/>
  </testcase> <!-- @BeforeSuite bsConfig -->
  <testcase classname="genericUtility.FMS_BaseClass" name="@BeforeSuite bsConfig" time="0.0">
    <ignored/>
  </testcase> <!-- @BeforeSuite bsConfig -->
  <testcase classname="genericUtility.FMS_BaseClass" name="@AfterSuite asConfig" time="0.0">
    <ignored/>
  </testcase> <!-- @AfterSuite asConfig -->
  <testcase classname="genericUtility.FMS_BaseClass" name="@BeforeSuite bsConfig" time="0.0">
    <ignored/>
  </testcase> <!-- @BeforeSuite bsConfig -->
  <testcase classname="genericUtility.FMS_BaseClass" name="@AfterSuite asConfig" time="0.0">
    <ignored/>
  </testcase> <!-- @AfterSuite asConfig -->
  <testcase classname="genericUtility.FMS_BaseClass" name="@BeforeSuite bsConfig" time="0.0">
    <ignored/>
  </testcase> <!-- @BeforeSuite bsConfig -->
  <testcase classname="genericUtility.FMS_BaseClass" name="@AfterSuite asConfig" time="0.0">
    <ignored/>
  </testcase> <!-- @AfterSuite asConfig -->
</testsuite> <!-- Test -->
